#
# There is insufficient memory for the Java Runtime Environment to continue.
# Native memory allocation (malloc) failed to allocate 543216 bytes for Chunk::new
# Possible reasons:
#   The system is out of physical RAM or swap space
#   The process is running with CompressedOops enabled, and the Java Heap may be blocking the growth of the native heap
# Possible solutions:
#   Reduce memory load on the system
#   Increase physical memory or swap space
#   Check if swap backing store is full
#   Decrease Java heap size (-Xmx/-Xms)
#   Decrease number of Java threads
#   Decrease Java thread stack sizes (-Xss)
#   Set larger code cache with -XX:ReservedCodeCacheSize=
#   JVM is running with Zero Based Compressed Oops mode in which the Java heap is
#     placed in the first 32GB address space. The Java Heap base address is the
#     maximum limit for the native heap growth. Please use -XX:HeapBaseMinAddress
#     to set the Java Heap base and to place the Java Heap above 32GB virtual address.
# This output file may be truncated or incomplete.
#
#  Out of Memory Error (arena.cpp:195), pid=13204, tid=13340
#
# JRE version: Java(TM) SE Runtime Environment (16.0.2+7) (build 16.0.2+7-67)
# Java VM: Java HotSpot(TM) 64-Bit Server VM (16.0.2+7-67, mixed mode, sharing, tiered, compressed oops, compressed class ptrs, g1 gc, windows-amd64)
# No core dump will be written. Minidumps are not enabled by default on client versions of Windows
#

---------------  S U M M A R Y ------------

Command Line: -Dapplication.home=C:\Program Files\Java\jdk-16.0.2 --add-modules=ALL-DEFAULT -Xms8m -Djdk.module.main=jdk.compiler jdk.compiler/com.sun.tools.javac.Main -d C:\Users\Rusheel Sharma\Desktop\CS IA\Forms\Product\Vipul_Mangement_System\build\classes -classpath C:\Users\Rusheel Sharma\Desktop\CS IA\Forms\Product\Vipul_Mangement_System\build\classes;C:\Users\Rusheel Sharma\Desktop\CS IA\Forms\Product\Vipul_Mangement_System\lib\absolutelayout\AbsoluteLayout.jar;C:\Users\Rusheel Sharma\Desktop\CS IA\Forms\Product\Vipul_Mangement_System\lib\jcalendar-1.4.jar;C:\Users\Rusheel Sharma\Desktop\CS IA\Forms\Product\Vipul_Mangement_System\lib\rs2xml.jar;C:\Users\Rusheel Sharma\Desktop\CS IA\Forms\Product\Vipul_Mangement_System\lib\sqlite-jdbc-3.36.0.3.jar -sourcepath C:\Users\Rusheel Sharma\Desktop\CS IA\Forms\Product\Vipul_Mangement_System\build\empty -target 1.8 -encoding UTF-8 -g -processorpath C:\Users\Rusheel Sharma\Desktop\CS IA\Forms\Product\Vipul_Mangement_System\lib\absolutelayout\AbsoluteLayout.jar;C:\Users\Rusheel Sharma\Desktop\CS IA\Forms\Product\Vipul_Mangement_System\lib\jcalendar-1.4.jar;C:\Users\Rusheel Sharma\Desktop\CS IA\Forms\Product\Vipul_Mangement_System\lib\rs2xml.jar;C:\Users\Rusheel Sharma\Desktop\CS IA\Forms\Product\Vipul_Mangement_System\lib\sqlite-jdbc-3.36.0.3.jar;C:\Users\Rusheel Sharma\Desktop\CS IA\Forms\Product\Vipul_Mangement_System\build\empty -s C:\Users\Rusheel Sharma\Desktop\CS IA\Forms\Product\Vipul_Mangement_System\build\generated-sources\ap-source-output -source 1.8 C:\Users\Rusheel Sharma\Desktop\CS IA\Forms\Product\Vipul_Mangement_System\src\fees_management_system\AddClient.java C:\Users\Rusheel Sharma\Desktop\CS IA\Forms\Product\Vipul_Mangement_System\src\fees_management_system\DbConnection.java C:\Users\Rusheel Sharma\Desktop\CS IA\Forms\Product\Vipul_Mangement_System\src\fees_management_system\DbConnection2.java C:\Users\Rusheel Sharma\Desktop\CS IA\Forms\Product\Vipul_Mangement_System\src\fees_management_system\FeeReceipt.java C:\Users\Rusheel Sharma\Desktop\CS IA\Forms\Product\Vipul_Mangement_System\src\fees_management_system\Fees_Management_System.java C:\Users\Rusheel Sharma\Desktop\CS IA\Forms\Product\Vipul_Mangement_System\src\fees_management_system\HelpPage.java C:\Users\Rusheel Sharma\Desktop\CS IA\Forms\Product\Vipul_Mangement_System\src\fees_management_system\Login.java C:\Users\Rusheel Sharma\Desktop\CS IA\Forms\Product\Vipul_Mangement_System\src\fees_management_system\Signup_Page.java C:\Users\Rusheel Sharma\Desktop\CS IA\Forms\Product\Vipul_Mangement_System\src\fees_management_system\home.java

Host: AMD Ryzen 7 3700X 8-Core Processor             , 16 cores, 31G,  Windows 10 , 64 bit Build 19041 (10.0.19041.1566)
Time: Sat Mar 26 22:46:51 2022 India Standard Time elapsed time: 0.340226 seconds (0d 0h 0m 0s)

---------------  T H R E A D  ---------------

Current thread (0x000001f93c90f7e0):  JavaThread "C2 CompilerThread0" daemon [_thread_in_native, id=13340, stack(0x000000c428000000,0x000000c428100000)]


Current CompileTask:
C2:    340  832       4       com.sun.tools.javac.parser.JavaTokenizer::scanIdent (639 bytes)

Stack: [0x000000c428000000,0x000000c428100000]
Native frames: (J=compiled Java code, j=interpreted, Vv=VM code, C=native code)
V  [jvm.dll+0x6681ca]
V  [jvm.dll+0x7c9e69]
V  [jvm.dll+0x7cb61e]
V  [jvm.dll+0x7cbc73]
V  [jvm.dll+0x242c55]
V  [jvm.dll+0xadeba]
V  [jvm.dll+0xae45c]
V  [jvm.dll+0x35a882]
V  [jvm.dll+0x324de1]
V  [jvm.dll+0x32428a]
V  [jvm.dll+0x215cec]
V  [jvm.dll+0x215100]
V  [jvm.dll+0x1a1beb]
V  [jvm.dll+0x225158]
V  [jvm.dll+0x22319c]
V  [jvm.dll+0x77fa62]
V  [jvm.dll+0x7795aa]
V  [jvm.dll+0x667066]
C  [ucrtbase.dll+0x21bb2]
C  [KERNEL32.DLL+0x17034]
C  [ntdll.dll+0x52651]


---------------  P R O C E S S  ---------------

Threads class SMR info:
_java_thread_list=0x000001f93de92eb0, length=19, elements={
0x000001f90f970b00, 0x000001f93c8f2440, 0x000001f93c8f4f60, 0x000001f93c908e20,
0x000001f93c909440, 0x000001f93c90e9c0, 0x000001f93c90eee0, 0x000001f93c90f7e0,
0x000001f93c921c90, 0x000001f93c958200, 0x000001f93d48d860, 0x000001f93d490bf0,
0x000001f93d491e30, 0x000001f93d506680, 0x000001f93daf3870, 0x000001f93d9f58a0,
0x000001f93dbd7630, 0x000001f93d89a400, 0x000001f93dac8070
}

Java Threads: ( => current thread )
  0x000001f90f970b00 JavaThread "main" [_thread_in_Java, id=16724, stack(0x000000c427300000,0x000000c427400000)]
  0x000001f93c8f2440 JavaThread "Reference Handler" daemon [_thread_blocked, id=11476, stack(0x000000c427a00000,0x000000c427b00000)]
  0x000001f93c8f4f60 JavaThread "Finalizer" daemon [_thread_blocked, id=16684, stack(0x000000c427b00000,0x000000c427c00000)]
  0x000001f93c908e20 JavaThread "Signal Dispatcher" daemon [_thread_blocked, id=8268, stack(0x000000c427c00000,0x000000c427d00000)]
  0x000001f93c909440 JavaThread "Attach Listener" daemon [_thread_blocked, id=1072, stack(0x000000c427d00000,0x000000c427e00000)]
  0x000001f93c90e9c0 JavaThread "Service Thread" daemon [_thread_blocked, id=12496, stack(0x000000c427e00000,0x000000c427f00000)]
  0x000001f93c90eee0 JavaThread "Monitor Deflation Thread" daemon [_thread_blocked, id=3024, stack(0x000000c427f00000,0x000000c428000000)]
=>0x000001f93c90f7e0 JavaThread "C2 CompilerThread0" daemon [_thread_in_native, id=13340, stack(0x000000c428000000,0x000000c428100000)]
  0x000001f93c921c90 JavaThread "C1 CompilerThread0" daemon [_thread_in_native, id=16380, stack(0x000000c428100000,0x000000c428200000)]
  0x000001f93c958200 JavaThread "Sweeper thread" daemon [_thread_blocked, id=18412, stack(0x000000c428200000,0x000000c428300000)]
  0x000001f93d48d860 JavaThread "Common-Cleaner" daemon [_thread_blocked, id=3108, stack(0x000000c428300000,0x000000c428400000)]
  0x000001f93d490bf0 JavaThread "C1 CompilerThread1" daemon [_thread_in_native, id=2824, stack(0x000000c428400000,0x000000c428500000)]
  0x000001f93d491e30 JavaThread "C1 CompilerThread2" daemon [_thread_in_native, id=9332, stack(0x000000c428500000,0x000000c428600000)]
  0x000001f93d506680 JavaThread "Notification Thread" daemon [_thread_blocked, id=17956, stack(0x000000c428600000,0x000000c428700000)]
  0x000001f93daf3870 JavaThread "C2 CompilerThread1" daemon [_thread_in_native, id=11616, stack(0x000000c428d00000,0x000000c428e00000)]
  0x000001f93d9f58a0 JavaThread "C1 CompilerThread3" daemon [_thread_in_native, id=3896, stack(0x000000c428e00000,0x000000c428f00000)]
  0x000001f93dbd7630 JavaThread "C2 CompilerThread2" daemon [_thread_in_native, id=15172, stack(0x000000c428f00000,0x000000c429000000)]
  0x000001f93d89a400 JavaThread "C2 CompilerThread3" daemon [_thread_in_native, id=1824, stack(0x000000c429200000,0x000000c429300000)]
  0x000001f93dac8070 JavaThread "C2 CompilerThread4" daemon [_thread_in_vm, id=11436, stack(0x000000c429300000,0x000000c429400000)]

Other Threads:
  0x000001f93c8ea620 VMThread "VM Thread" [stack: 0x000000c427900000,0x000000c427a00000] [id=18392]
  0x000001f93d53de40 WatcherThread [stack: 0x000000c428700000,0x000000c428800000] [id=8316]
  0x000001f90f9e7ba0 GCTaskThread "GC Thread#0" [stack: 0x000000c427400000,0x000000c427500000] [id=3376]
  0x000001f93d7fd6b0 GCTaskThread "GC Thread#1" [stack: 0x000000c428800000,0x000000c428900000] [id=12556]
  0x000001f93d8b6600 GCTaskThread "GC Thread#2" [stack: 0x000000c428900000,0x000000c428a00000] [id=12112]
  0x000001f93d8b6910 GCTaskThread "GC Thread#3" [stack: 0x000000c428a00000,0x000000c428b00000] [id=1080]
  0x000001f93d8b6c20 GCTaskThread "GC Thread#4" [stack: 0x000000c428b00000,0x000000c428c00000] [id=12448]
  0x000001f93d89b6c0 GCTaskThread "GC Thread#5" [stack: 0x000000c428c00000,0x000000c428d00000] [id=5196]
  0x000001f93dbb72f0 GCTaskThread "GC Thread#6" [stack: 0x000000c429000000,0x000000c429100000] [id=11144]
  0x000001f93dac8ab0 GCTaskThread "GC Thread#7" [stack: 0x000000c429100000,0x000000c429200000] [id=8020]
  0x000001f90f9f8920 ConcurrentGCThread "G1 Main Marker" [stack: 0x000000c427500000,0x000000c427600000] [id=11764]
  0x000001f90f9f98e0 ConcurrentGCThread "G1 Conc#0" [stack: 0x000000c427600000,0x000000c427700000] [id=13140]
  0x000001f90fa38120 ConcurrentGCThread "G1 Refine#0" [stack: 0x000000c427700000,0x000000c427800000] [id=15380]
  0x000001f90fa38950 ConcurrentGCThread "G1 Service" [stack: 0x000000c427800000,0x000000c427900000] [id=10396]

Threads with active compile tasks:
C2 CompilerThread0      350  832       4       com.sun.tools.javac.parser.JavaTokenizer::scanIdent (639 bytes)
C1 CompilerThread0      350 1005       3       java.util.Objects::checkFromIndexSize (8 bytes)
C1 CompilerThread1      350 1004       3       jdk.internal.jimage.ImageReader$LinkNode::<init> (15 bytes)
C1 CompilerThread2      350 1002       3       jdk.internal.jimage.ImageReader$SharedImageReader::newLinkNode (26 bytes)
C2 CompilerThread1      350  829   !   4       com.sun.tools.javac.parser.JavaTokenizer::readToken (1731 bytes)
C1 CompilerThread3      350 1003       3       jdk.internal.jimage.ImageReader$LinkNode::create (17 bytes)
C2 CompilerThread2      350  960       4       java.lang.StringBuilder::append (8 bytes)
C2 CompilerThread3      350  957       4       java.lang.String::indexOf (29 bytes)
C2 CompilerThread4      350  891       4       com.sun.tools.javac.util.ArrayUtils::ensureCapacity (30 bytes)

VM state: not at safepoint (normal execution)

VM Mutex/Monitor currently owned by a thread: None

Heap address: 0x0000000600c00000, size: 8180 MB, Compressed Oops mode: Zero based, Oop shift amount: 3

CDS archive(s) mapped at: [0x0000000800000000-0x0000000800bb0000-0x0000000800bb0000), size 12255232, SharedBaseAddress: 0x0000000800000000, ArchiveRelocationMode: 0.
Compressed class space mapped at: 0x0000000800c00000-0x0000000840c00000, reserved size: 1073741824
Narrow klass base: 0x0000000800000000, Narrow klass shift: 3, Narrow klass range: 0x100000000

GC Precious Log:
 CPUs: 16 total, 16 available
 Memory: 32715M
 Large Page Support: Disabled
 NUMA Support: Disabled
 Compressed Oops: Enabled (Zero based)
 Heap Region Size: 4M
 Heap Min Capacity: 8M
 Heap Initial Capacity: 8M
 Heap Max Capacity: 8180M
 Pre-touch: Disabled
 Parallel Workers: 13
 Concurrent Workers: 3
 Concurrent Refinement Workers: 13
 Periodic GC: Disabled

Heap:
 garbage-first heap   total 12288K, used 2996K [0x0000000600c00000, 0x0000000800000000)
  region size 4096K, 2 young (8192K), 1 survivors (4096K)
 Metaspace       used 8099K, committed 8320K, reserved 1064960K
  class space    used 894K, committed 1024K, reserved 1048576K

Heap Regions: E=young(eden), S=young(survivor), O=old, HS=humongous(starts), HC=humongous(continues), CS=collection set, F=free, OA=open archive, CA=closed archive, TAMS=top-at-mark-start (previous, next)
|   0|0x0000000600c00000, 0x0000000600c00000, 0x0000000601000000|  0%| F|  |TAMS 0x0000000600c00000, 0x0000000600c00000| Untracked 
|   1|0x0000000601000000, 0x00000006013cf5f8, 0x0000000601400000| 95%| E|  |TAMS 0x0000000601000000, 0x0000000601000000| Complete 
|   2|0x0000000601400000, 0x00000006016ed038, 0x0000000601800000| 73%| S|CS|TAMS 0x0000000601400000, 0x0000000601400000| Complete 

Card table byte_map: [0x000001f927970000,0x000001f928970000] _byte_map_base: 0x000001f92496a000

Marking Bits (Prev, Next): (CMBitMap*) 0x000001f90f9e7fc0, (CMBitMap*) 0x000001f90f9e8000
 Prev Bits: [0x000001f929970000, 0x000001f931940000)
 Next Bits: [0x000001f931940000, 0x000001f939910000)

Polling page: 0x000001f90d910000

Metaspace:

Usage:
  Non-class:      7.04 MB used.
      Class:    894.72 KB used.
       Both:      7.91 MB used.

Virtual space:
  Non-class space:       16.00 MB reserved,       7.12 MB ( 45%) committed,  2 nodes.
      Class space:        1.00 GB reserved,       1.00 MB ( <1%) committed,  1 nodes.
              Both:        1.02 GB reserved,       8.12 MB ( <1%) committed. 

Chunk freelists:
   Non-Class:  2.45 MB
       Class:  2.98 MB
        Both:  5.43 MB

MaxMetaspaceSize: 17179869184.00 GB
CompressedClassSpaceSize: 1.00 GB
 - commit_granule_bytes: 65536.
 - commit_granule_words: 8192.
 - virtual_space_node_default_size: 1048576.
 - enlarge_chunks_in_place: 1.
 - new_chunks_are_fully_committed: 0.
 - uncommit_free_chunks: 1.
 - use_allocation_guard: 0.
 - handle_deallocations: 1.


Internal statistics:

num_allocs_failed_limit: 0.
num_arena_births: 54.
num_arena_deaths: 0.
num_vsnodes_births: 3.
num_vsnodes_deaths: 0.
num_space_committed: 130.
num_space_uncommitted: 0.
num_chunks_returned_to_freelist: 0.
num_chunks_taken_from_freelist: 328.
num_chunk_merges: 0.
num_chunk_splits: 237.
num_chunks_enlarged: 174.
num_purges: 0.

CodeHeap 'non-profiled nmethods': size=119168Kb used=290Kb max_used=290Kb free=118877Kb
 bounds [0x000001f91ec90000, 0x000001f91ef00000, 0x000001f9260f0000]
CodeHeap 'profiled nmethods': size=119104Kb used=2068Kb max_used=2068Kb free=117035Kb
 bounds [0x000001f917840000, 0x000001f917ab0000, 0x000001f91ec90000]
CodeHeap 'non-nmethods': size=7488Kb used=2833Kb max_used=2868Kb free=4654Kb
 bounds [0x000001f9170f0000, 0x000001f9173c0000, 0x000001f917840000]
 total_blobs=1425 nmethods=998 adapters=337
 compilation: enabled
              stopped_count=0, restarted_count=0
 full_count=0

Compilation events (20 events):
Event: 0.335 Thread 0x000001f93d491e30 nmethod 921 0x000001f917a12010 code [0x000001f917a121c0, 0x000001f917a12408]
Event: 0.335 Thread 0x000001f93d9f58a0 nmethod 917 0x000001f917a11290 code [0x000001f917a114e0, 0x000001f917a11cf8]
Event: 0.335 Thread 0x000001f93c921c90 nmethod 922 0x000001f917a13490 code [0x000001f917a13640, 0x000001f917a137a8]
Event: 0.335 Thread 0x000001f93d490bf0 nmethod 920 0x000001f917a12590 code [0x000001f917a12800, 0x000001f917a13138]
Event: 0.336 Thread 0x000001f93d490bf0  923       3       jdk.internal.org.objectweb.asm.Label::<init> (5 bytes)
Event: 0.336 Thread 0x000001f93c921c90  924       3       java.lang.Enum::equals (11 bytes)
Event: 0.336 Thread 0x000001f93d490bf0 nmethod 923 0x000001f917a13890 code [0x000001f917a13a40, 0x000001f917a13b98]
Event: 0.336 Thread 0x000001f93c921c90 nmethod 924 0x000001f917a13c90 code [0x000001f917a13e20, 0x000001f917a13f98]
Event: 0.336 Thread 0x000001f93c921c90  925       3       java.lang.ref.SoftReference::get (29 bytes)
Event: 0.337 Thread 0x000001f93c921c90 nmethod 925 0x000001f917a14010 code [0x000001f917a141c0, 0x000001f917a14398]
Event: 0.337 Thread 0x000001f93dbd7630 nmethod 903 0x000001f91ecd0690 code [0x000001f91ecd0840, 0x000001f91ecd0b78]
Event: 0.337 Thread 0x000001f93dbd7630  859       4       com.sun.tools.javac.parser.JavacParser::toP (9 bytes)
Event: 0.338 Thread 0x000001f93dbd7630 nmethod 859 0x000001f91ecd0e90 code [0x000001f91ecd1020, 0x000001f91ecd10d8]
Event: 0.338 Thread 0x000001f93dbd7630  882       4       com.sun.tools.javac.parser.Tokens$Token::checkKind (43 bytes)
Event: 0.338 Thread 0x000001f93dbd7630 nmethod 882 0x000001f91ecd1190 code [0x000001f91ecd1320, 0x000001f91ecd13d8]
Event: 0.338 Thread 0x000001f93dbd7630  892       4       com.sun.tools.javac.parser.JavacParser::annotationsOpt (93 bytes)
Event: 0.338 Thread 0x000001f93c921c90  926       3       com.sun.tools.javac.parser.JavacParser::typeParametersOpt (79 bytes)
Event: 0.338 Thread 0x000001f93dbd7630 nmethod 892 0x000001f91ecd1490 code [0x000001f91ecd1620, 0x000001f91ecd16d8]
Event: 0.338 Thread 0x000001f93d9f58a0  927       3       com.sun.tools.javac.parser.JavacParser::classOrInterfaceOrRecordBodyDeclaration (994 bytes)
Event: 0.338 Thread 0x000001f93dbd7630  910       4       com.sun.tools.javac.parser.JavacParser::typeAnnotationsOpt (10 bytes)

GC Heap History (4 events):
Event: 0.161 GC heap before
{Heap before GC invocations=0 (full 0):
 garbage-first heap   total 8192K, used 0K [0x0000000600c00000, 0x0000000800000000)
  region size 4096K, 1 young (4096K), 0 survivors (0K)
 Metaspace       used 3397K, committed 3520K, reserved 1056768K
  class space    used 412K, committed 448K, reserved 1048576K
}
Event: 0.163 GC heap after
{Heap after GC invocations=1 (full 0):
 garbage-first heap   total 8192K, used 1415K [0x0000000600c00000, 0x0000000800000000)
  region size 4096K, 1 young (4096K), 1 survivors (4096K)
 Metaspace       used 3397K, committed 3520K, reserved 1056768K
  class space    used 412K, committed 448K, reserved 1048576K
}
Event: 0.316 GC heap before
{Heap before GC invocations=1 (full 0):
 garbage-first heap   total 8192K, used 1415K [0x0000000600c00000, 0x0000000800000000)
  region size 4096K, 2 young (8192K), 1 survivors (4096K)
 Metaspace       used 7915K, committed 8064K, reserved 1064960K
  class space    used 878K, committed 960K, reserved 1048576K
}
Event: 0.319 GC heap after
{Heap after GC invocations=2 (full 0):
 garbage-first heap   total 12288K, used 2996K [0x0000000600c00000, 0x0000000800000000)
  region size 4096K, 1 young (4096K), 1 survivors (4096K)
 Metaspace       used 7915K, committed 8064K, reserved 1064960K
  class space    used 878K, committed 960K, reserved 1048576K
}

Deoptimization events (20 events):
Event: 0.276 Thread 0x000001f90f970b00 Uncommon trap: trap_request=0xffffff45 fr.pc=0x000001f91ecb8edc relative=0x000000000000041c
Event: 0.276 Thread 0x000001f90f970b00 Uncommon trap: reason=unstable_if action=reinterpret pc=0x000001f91ecb8edc method=java.lang.StringLatin1.replace([BCC)Ljava/lang/String; @ 19 c2
Event: 0.276 Thread 0x000001f90f970b00 DEOPT PACKING pc=0x000001f91ecb8edc sp=0x000000c4273feef0
Event: 0.276 Thread 0x000001f90f970b00 DEOPT UNPACKING pc=0x000001f91713d72e sp=0x000000c4273fee70 mode 2
Event: 0.315 Thread 0x000001f90f970b00 Uncommon trap: trap_request=0xffffff45 fr.pc=0x000001f91ecc7b70 relative=0x00000000000000d0
Event: 0.315 Thread 0x000001f90f970b00 Uncommon trap: reason=unstable_if action=reinterpret pc=0x000001f91ecc7b70 method=com.sun.tools.javac.parser.UnicodeReader.nextCodeUnit()V @ 15 c2
Event: 0.315 Thread 0x000001f90f970b00 DEOPT PACKING pc=0x000001f91ecc7b70 sp=0x000000c4273febb0
Event: 0.315 Thread 0x000001f90f970b00 DEOPT UNPACKING pc=0x000001f91713d72e sp=0x000000c4273fea68 mode 2
Event: 0.322 Thread 0x000001f90f970b00 Uncommon trap: trap_request=0xffffff45 fr.pc=0x000001f91ecc7fe4 relative=0x00000000000000c4
Event: 0.322 Thread 0x000001f90f970b00 Uncommon trap: reason=unstable_if action=reinterpret pc=0x000001f91ecc7fe4 method=com.sun.tools.javac.parser.UnicodeReader.nextCodeUnit()V @ 15 c2
Event: 0.322 Thread 0x000001f90f970b00 DEOPT PACKING pc=0x000001f91ecc7fe4 sp=0x000000c4273feb40
Event: 0.322 Thread 0x000001f90f970b00 DEOPT UNPACKING pc=0x000001f91713d72e sp=0x000000c4273fea78 mode 2
Event: 0.322 Thread 0x000001f90f970b00 Uncommon trap: trap_request=0xffffff45 fr.pc=0x000001f91ecc88c4 relative=0x00000000000000a4
Event: 0.322 Thread 0x000001f90f970b00 Uncommon trap: reason=unstable_if action=reinterpret pc=0x000001f91ecc88c4 method=com.sun.tools.javac.parser.UnicodeReader.nextCodeUnit()V @ 15 c2
Event: 0.322 Thread 0x000001f90f970b00 DEOPT PACKING pc=0x000001f91ecc88c4 sp=0x000000c4273feb00
Event: 0.322 Thread 0x000001f90f970b00 DEOPT UNPACKING pc=0x000001f91713d72e sp=0x000000c4273fea98 mode 2
Event: 0.326 Thread 0x000001f90f970b00 Uncommon trap: trap_request=0xffffff45 fr.pc=0x000001f91ecc8420 relative=0x0000000000000100
Event: 0.326 Thread 0x000001f90f970b00 Uncommon trap: reason=unstable_if action=reinterpret pc=0x000001f91ecc8420 method=com.sun.tools.javac.parser.UnicodeReader.nextUnicodeInputCharacter()V @ 43 c2
Event: 0.326 Thread 0x000001f90f970b00 DEOPT PACKING pc=0x000001f91ecc8420 sp=0x000000c4273fe070
Event: 0.326 Thread 0x000001f90f970b00 DEOPT UNPACKING pc=0x000001f91713d72e sp=0x000000c4273fdf48 mode 2

Classes unloaded (0 events):
No events

Classes redefined (0 events):
No events

Internal exceptions (17 events):
Event: 0.064 Thread 0x000001f90f970b00 Exception <a 'java/lang/NoSuchMethodError'{0x00000006011c67b0}: 'java.lang.Object java.lang.invoke.DirectMethodHandle$Holder.invokeStatic(java.lang.Object)'> (0x00000006011c67b0) 
thrown [t:\workspace\open\src\hotspot\share\interpreter\linkResolver.cpp, line 790]
Event: 0.089 Thread 0x000001f90f970b00 Exception <a 'java/lang/NoSuchMethodError'{0x00000006012341e8}: 'void java.lang.invoke.DirectMethodHandle$Holder.invokeSpecial(java.lang.Object, java.lang.Object, java.lang.Object)'> (0x00000006012341e8) 
thrown [t:\workspace\open\src\hotspot\share\interpreter\linkResolver.cpp, line 790]
Event: 0.113 Thread 0x000001f90f970b00 Exception <a 'java/lang/NoSuchMethodError'{0x00000006012a1958}: 'java.lang.Object java.lang.invoke.DirectMethodHandle$Holder.invokeVirtual(java.lang.Object, java.lang.Object, java.lang.Object)'> (0x00000006012a1958) 
thrown [t:\workspace\open\src\hotspot\share\interpreter\linkResolver.cpp, line 790]
Event: 0.115 Thread 0x000001f90f970b00 Exception <a 'java/lang/NoSuchMethodError'{0x00000006012ad810}: 'int java.lang.invoke.DirectMethodHandle$Holder.invokeInterface(java.lang.Object, java.lang.Object)'> (0x00000006012ad810) 
thrown [t:\workspace\open\src\hotspot\share\interpreter\linkResolver.cpp, line 790]
Event: 0.127 Thread 0x000001f90f970b00 Exception <a 'sun/nio/fs/WindowsException'{0x00000006012f9eb8}> (0x00000006012f9eb8) 
thrown [t:\workspace\open\src\hotspot\share\prims\jni.cpp, line 579]
Event: 0.127 Thread 0x000001f90f970b00 Exception <a 'sun/nio/fs/WindowsException'{0x00000006012fa748}> (0x00000006012fa748) 
thrown [t:\workspace\open\src\hotspot\share\prims\jni.cpp, line 579]
Event: 0.127 Thread 0x000001f90f970b00 Exception <a 'sun/nio/fs/WindowsException'{0x00000006012fb4a0}> (0x00000006012fb4a0) 
thrown [t:\workspace\open\src\hotspot\share\prims\jni.cpp, line 579]
Event: 0.127 Thread 0x000001f90f970b00 Exception <a 'sun/nio/fs/WindowsException'{0x00000006012fb820}> (0x00000006012fb820) 
thrown [t:\workspace\open\src\hotspot\share\prims\jni.cpp, line 579]
Event: 0.128 Thread 0x000001f90f970b00 Exception <a 'sun/nio/fs/WindowsException'{0x00000006012fdce8}> (0x00000006012fdce8) 
thrown [t:\workspace\open\src\hotspot\share\prims\jni.cpp, line 579]
Event: 0.128 Thread 0x000001f90f970b00 Exception <a 'sun/nio/fs/WindowsException'{0x00000006012fdf28}> (0x00000006012fdf28) 
thrown [t:\workspace\open\src\hotspot\share\prims\jni.cpp, line 579]
Event: 0.137 Thread 0x000001f90f970b00 Exception <a 'java/lang/NoSuchMethodError'{0x0000000601350f38}: 'int java.lang.invoke.DirectMethodHandle$Holder.invokeVirtual(java.lang.Object, java.lang.Object, java.lang.Object)'> (0x0000000601350f38) 
thrown [t:\workspace\open\src\hotspot\share\interpreter\linkResolver.cpp, line 790]
Event: 0.137 Thread 0x000001f90f970b00 Exception <a 'java/lang/NoSuchMethodError'{0x0000000601357808}: 'void java.lang.invoke.DirectMethodHandle$Holder.invokeInterface(java.lang.Object, java.lang.Object, java.lang.Object)'> (0x0000000601357808) 
thrown [t:\workspace\open\src\hotspot\share\interpreter\linkResolver.cpp, line 790]
Event: 0.195 Thread 0x000001f90f970b00 Exception <a 'java/lang/NoSuchMethodError'{0x00000006010ae2e8}: 'int java.lang.invoke.DirectMethodHandle$Holder.invokeStaticInit(java.lang.Object, java.lang.Object)'> (0x00000006010ae2e8) 
thrown [t:\workspace\open\src\hotspot\share\interpreter\linkResolver.cpp, line 790]
Event: 0.246 Thread 0x000001f90f970b00 Exception <a 'java/lang/NoSuchMethodError'{0x0000000601170588}: 'int java.lang.invoke.DirectMethodHandle$Holder.invokeVirtual(java.lang.Object, java.lang.Object)'> (0x0000000601170588) 
thrown [t:\workspace\open\src\hotspot\share\interpreter\linkResolver.cpp, line 790]
Event: 0.248 Thread 0x000001f90f970b00 Exception <a 'java/lang/NoSuchMethodError'{0x00000006011a2670}: 'java.lang.Object java.lang.invoke.DirectMethodHandle$Holder.newInvokeSpecial(java.lang.Object, java.lang.Object, java.lang.Object, java.lang.Object, java.lang.Object)'> (0x00000006011a2670) 
thrown [t:\workspace\open\src\hotspot\share\interpreter\linkResolver.cpp, line 790]
Event: 0.249 Thread 0x000001f90f970b00 Exception <a 'java/lang/NoSuchMethodError'{0x00000006011b22c8}: 'java.lang.Object java.lang.invoke.DirectMethodHandle$Holder.newInvokeSpecial(java.lang.Object, java.lang.Object, java.lang.Object, java.lang.Object, java.lang.Object, java.lang.Object)'> (0x00000006011b22c8) 
thrown [t:\workspace\open\src\hotspot\share\interpreter\linkResolver.cpp, line 790]
Event: 0.260 Thread 0x000001f90f970b00 Exception <a 'java/lang/NoSuchMethodError'{0x00000006012049a8}: 'java.lang.Object java.lang.invoke.DirectMethodHandle$Holder.invokeStaticInit(java.lang.Object)'> (0x00000006012049a8) 
thrown [t:\workspace\open\src\hotspot\share\interpreter\linkResolver.cpp, line 790]

Events (20 events):
Event: 0.286 loading class sun/nio/ch/NativeThread done
Event: 0.286 loading class sun/nio/ch/IOStatus
Event: 0.286 loading class sun/nio/ch/IOStatus done
Event: 0.286 loading class java/nio/channels/SelectableChannel
Event: 0.286 loading class java/nio/channels/SelectableChannel done
Event: 0.286 loading class sun/nio/ch/Util
Event: 0.286 loading class sun/nio/ch/Util done
Event: 0.286 loading class sun/nio/ch/Util$1
Event: 0.286 loading class sun/nio/ch/Util$1 done
Event: 0.286 loading class sun/nio/ch/Util$BufferCache
Event: 0.286 loading class sun/nio/ch/Util$BufferCache done
Event: 0.287 loading class java/nio/DirectByteBuffer$Deallocator
Event: 0.287 loading class java/nio/DirectByteBuffer$Deallocator done
Event: 0.302 Thread 0x000001f93daf3870 Thread added: 0x000001f93daf3870
Event: 0.305 Thread 0x000001f93d9f58a0 Thread added: 0x000001f93d9f58a0
Event: 0.310 Thread 0x000001f93dbd7630 Thread added: 0x000001f93dbd7630
Event: 0.316 Executing  VM operation: G1CollectForAllocation
Event: 0.319 Executing  VM operation: G1CollectForAllocation done
Event: 0.331 Thread 0x000001f93d89a400 Thread added: 0x000001f93d89a400
Event: 0.332 Thread 0x000001f93dac8070 Thread added: 0x000001f93dac8070


Dynamic libraries:
0x00007ff69d800000 - 0x00007ff69d808000 	C:\Program Files\Java\jdk-16.0.2\bin\javac.exe
0x00007ffca2fb0000 - 0x00007ffca31a5000 	C:\WINDOWS\SYSTEM32\ntdll.dll
0x00007ffca23b0000 - 0x00007ffca246e000 	C:\WINDOWS\System32\KERNEL32.DLL
0x00007ffca0b60000 - 0x00007ffca0e28000 	C:\WINDOWS\System32\KERNELBASE.dll
0x00007ffca0760000 - 0x00007ffca0860000 	C:\WINDOWS\System32\ucrtbase.dll
0x00007ffc8b4b0000 - 0x00007ffc8b4c9000 	C:\Program Files\Java\jdk-16.0.2\bin\VCRUNTIME140.dll
0x00007ffc97800000 - 0x00007ffc97818000 	C:\Program Files\Java\jdk-16.0.2\bin\jli.dll
0x00007ffca1430000 - 0x00007ffca14de000 	C:\WINDOWS\System32\ADVAPI32.dll
0x00007ffca1030000 - 0x00007ffca10ce000 	C:\WINDOWS\System32\msvcrt.dll
0x00007ffca2af0000 - 0x00007ffca2b8c000 	C:\WINDOWS\System32\sechost.dll
0x00007ffca2480000 - 0x00007ffca25a5000 	C:\WINDOWS\System32\RPCRT4.dll
0x00007ffca26a0000 - 0x00007ffca2840000 	C:\WINDOWS\System32\USER32.dll
0x00007ffca0900000 - 0x00007ffca0922000 	C:\WINDOWS\System32\win32u.dll
0x00007ffc933d0000 - 0x00007ffc9366a000 	C:\WINDOWS\WinSxS\amd64_microsoft.windows.common-controls_6595b64144ccf1df_6.0.19041.1110_none_60b5254171f9507e\COMCTL32.dll
0x00007ffca2d90000 - 0x00007ffca2dbb000 	C:\WINDOWS\System32\GDI32.dll
0x00007ffca0a50000 - 0x00007ffca0b5b000 	C:\WINDOWS\System32\gdi32full.dll
0x00007ffca0860000 - 0x00007ffca08fd000 	C:\WINDOWS\System32\msvcp_win.dll
0x00007ffc99d50000 - 0x00007ffc99d5a000 	C:\WINDOWS\SYSTEM32\VERSION.dll
0x00007ffca14e0000 - 0x00007ffca1510000 	C:\WINDOWS\System32\IMM32.DLL
0x00007ffc9a9c0000 - 0x00007ffc9a9cc000 	C:\Program Files\Java\jdk-16.0.2\bin\vcruntime140_1.dll
0x00007ffc78000000 - 0x00007ffc78091000 	C:\Program Files\Java\jdk-16.0.2\bin\msvcp140.dll
0x00007ffc6cec0000 - 0x00007ffc6da6b000 	C:\Program Files\Java\jdk-16.0.2\bin\server\jvm.dll
0x00007ffca2690000 - 0x00007ffca2698000 	C:\WINDOWS\System32\PSAPI.DLL
0x00007ffc98d30000 - 0x00007ffc98d39000 	C:\WINDOWS\SYSTEM32\WSOCK32.dll
0x00007ffc90c00000 - 0x00007ffc90c27000 	C:\WINDOWS\SYSTEM32\WINMM.dll
0x00007ffca2d20000 - 0x00007ffca2d8b000 	C:\WINDOWS\System32\WS2_32.dll
0x00007ffc9e600000 - 0x00007ffc9e612000 	C:\WINDOWS\SYSTEM32\kernel.appcore.dll
0x00007ffc97240000 - 0x00007ffc9724a000 	C:\Program Files\Java\jdk-16.0.2\bin\jimage.dll
0x00007ffc99780000 - 0x00007ffc99964000 	C:\WINDOWS\SYSTEM32\DBGHELP.DLL
0x00007ffc98ef0000 - 0x00007ffc98f1c000 	C:\WINDOWS\SYSTEM32\dbgcore.DLL
0x00007ffca06d0000 - 0x00007ffca0752000 	C:\WINDOWS\System32\bcryptPrimitives.dll
0x00007ffc8b480000 - 0x00007ffc8b4a5000 	C:\Program Files\Java\jdk-16.0.2\bin\java.dll
0x00007ffca1b40000 - 0x00007ffca2284000 	C:\WINDOWS\System32\SHELL32.dll
0x00007ffc9e800000 - 0x00007ffc9ef94000 	C:\WINDOWS\SYSTEM32\windows.storage.dll
0x00007ffca10d0000 - 0x00007ffca1424000 	C:\WINDOWS\System32\combase.dll
0x00007ffca0130000 - 0x00007ffca015c000 	C:\WINDOWS\SYSTEM32\Wldp.dll
0x00007ffca1620000 - 0x00007ffca16cd000 	C:\WINDOWS\System32\SHCORE.dll
0x00007ffca29e0000 - 0x00007ffca2a35000 	C:\WINDOWS\System32\shlwapi.dll
0x00007ffca0610000 - 0x00007ffca062f000 	C:\WINDOWS\SYSTEM32\profapi.dll
0x00007ffc8b430000 - 0x00007ffc8b449000 	C:\Program Files\Java\jdk-16.0.2\bin\net.dll
0x00007ffc994d0000 - 0x00007ffc995d9000 	C:\WINDOWS\SYSTEM32\WINHTTP.dll
0x00007ffc9fe90000 - 0x00007ffc9fefa000 	C:\WINDOWS\system32\mswsock.dll
0x00007ffc8a770000 - 0x00007ffc8a783000 	C:\Program Files\Java\jdk-16.0.2\bin\nio.dll
0x00007ffc8a520000 - 0x00007ffc8a538000 	C:\Program Files\Java\jdk-16.0.2\bin\zip.dll

dbghelp: loaded successfully - version: 4.0.5 - missing functions: none
symbol engine: initialized successfully - sym options: 0x614 - pdb path: .;C:\Program Files\Java\jdk-16.0.2\bin;C:\WINDOWS\SYSTEM32;C:\WINDOWS\WinSxS\amd64_microsoft.windows.common-controls_6595b64144ccf1df_6.0.19041.1110_none_60b5254171f9507e;C:\Program Files\Java\jdk-16.0.2\bin\server

VM Arguments:
jvm_args: -Dapplication.home=C:\Program Files\Java\jdk-16.0.2 --add-modules=ALL-DEFAULT -Xms8m -Djdk.module.main=jdk.compiler 
java_command: jdk.compiler/com.sun.tools.javac.Main -d C:\Users\Rusheel Sharma\Desktop\CS IA\Forms\Product\Vipul_Mangement_System\build\classes -classpath C:\Users\Rusheel Sharma\Desktop\CS IA\Forms\Product\Vipul_Mangement_System\build\classes;C:\Users\Rusheel Sharma\Desktop\CS IA\Forms\Product\Vipul_Mangement_System\lib\absolutelayout\AbsoluteLayout.jar;C:\Users\Rusheel Sharma\Desktop\CS IA\Forms\Product\Vipul_Mangement_System\lib\jcalendar-1.4.jar;C:\Users\Rusheel Sharma\Desktop\CS IA\Forms\Product\Vipul_Mangement_System\lib\rs2xml.jar;C:\Users\Rusheel Sharma\Desktop\CS IA\Forms\Product\Vipul_Mangement_System\lib\sqlite-jdbc-3.36.0.3.jar -sourcepath C:\Users\Rusheel Sharma\Desktop\CS IA\Forms\Product\Vipul_Mangement_System\build\empty -target 1.8 -encoding UTF-8 -g -processorpath C:\Users\Rusheel Sharma\Desktop\CS IA\Forms\Product\Vipul_Mangement_System\lib\absolutelayout\AbsoluteLayout.jar;C:\Users\Rusheel Sharma\Desktop\CS IA\Forms\Product\Vipul_Mangement_System\lib\jcalendar-1.4.jar;C:\Users\Rusheel Sharma\Desktop\CS IA\Forms\Product\Vipul_Mangement_System\lib\rs2xml.jar;C:\Users\Rusheel Sharma\Desktop\CS IA\Forms\Product\Vipul_Mangement_System\lib\sqlite-jdbc-3.36.0.3.jar;C:\Users\Rusheel Sharma\Desktop\CS IA\Forms\Product\Vipul_Mangement_System\build\empty -s C:\Users\Rusheel Sharma\Desktop\CS IA\Forms\Product\Vipul_Mangement_System\build\generated-sources\ap-source-output -source 1.8 C:\Users\Rusheel Sharma\Desktop\CS IA\Forms\Product\Vipul_Mangement_System\src\fees_management_system\AddClient.java C:\Users\Rusheel Sharma\Desktop\CS IA\Forms\Product\Vipul_Mangement_System\src\fees_management_system\DbConnection.java C:\Users\Rusheel Sharma\Desktop\CS IA\Forms\Product\Vipul_Mangement_System\src\fees_management_system\DbConnection2.java C:\Users\Rusheel Sharma\Desktop\CS IA\Forms\Product\Vipul_Mangement_System\src\fees_management_system\FeeReceipt.java C:\Users\Rusheel Sharma\Desktop\CS IA\Forms\Product\Vipul_Mangement_System\src\fees_management_system\Fees_
java_class_path (initial): <not set>
Launcher Type: SUN_STANDARD

[Global flags]
     intx CICompilerCount                          = 12                                        {product} {ergonomic}
     uint ConcGCThreads                            = 3                                         {product} {ergonomic}
     uint G1ConcRefinementThreads                  = 13                                        {product} {ergonomic}
   size_t G1HeapRegionSize                         = 4194304                                   {product} {ergonomic}
    uintx GCDrainStackTargetSize                   = 64                                        {product} {ergonomic}
   size_t InitialHeapSize                          = 8388608                                   {product} {command line}
   size_t MarkStackSize                            = 4194304                                   {product} {ergonomic}
   size_t MaxHeapSize                              = 8577351680                                {product} {ergonomic}
   size_t MaxNewSize                               = 5146411008                                {product} {ergonomic}
   size_t MinHeapDeltaBytes                        = 4194304                                   {product} {ergonomic}
   size_t MinHeapSize                              = 8388608                                   {product} {command line}
    uintx NonNMethodCodeHeapSize                   = 7602480                                {pd product} {ergonomic}
    uintx NonProfiledCodeHeapSize                  = 122027880                              {pd product} {ergonomic}
    uintx ProfiledCodeHeapSize                     = 122027880                              {pd product} {ergonomic}
    uintx ReservedCodeCacheSize                    = 251658240                              {pd product} {ergonomic}
     bool SegmentedCodeCache                       = true                                      {product} {ergonomic}
   size_t SoftMaxHeapSize                          = 8577351680                             {manageable} {ergonomic}
     bool UseCompressedClassPointers               = true                           {product lp64_product} {ergonomic}
     bool UseCompressedOops                        = true                           {product lp64_product} {ergonomic}
     bool UseG1GC                                  = true                                      {product} {ergonomic}
     bool UseLargePagesIndividualAllocation        = false                                  {pd product} {ergonomic}

Logging:
Log output configuration:
 #0: stdout all=warning uptime,level,tags
 #1: stderr all=off uptime,level,tags

Environment Variables:
PATH=C:\Program Files\Common Files\Oracle\Java\javapath;C:\Program Files\Eclipse Foundation\jdk-11.0.12.7-hotspot\bin;C:\Program Files (x86)\Common Files\Oracle\Java\javapath;C:\Program Files (x86)\Razer\ChromaBroadcast\bin;C:\Program Files\Razer\ChromaBroadcast\bin;C:\Program Files (x86)\Common Files\Intel\Shared Libraries\redist\intel64\compiler;C:\ProgramData\Oracle\Java\javapath;C:\Windows\system32;C:\Windows;C:\Windows\System32\Wbem;C:\Windows\System32\WindowsPowerShell\v1.0\;C:\Windows\System32\OpenSSH\;C:\Program Files\NVIDIA Corporation\NVIDIA NvDLISR;C:\Program Files (x86)\NVIDIA Corporation\PhysX\Common;C:\Windows\system32\config\systemprofile\AppData\Local\Microsoft\WindowsApps;;C:\Android;C:\WINDOWS\system32;C:\WINDOWS;C:\WINDOWS\System32\Wbem;C:\WINDOWS\System32\WindowsPowerShell\v1.0\;C:\WINDOWS\System32\OpenSSH\;C:\Program Files\dotnet\;C:\Users\Rusheel Sharma\AppData\Local\Microsoft\WindowsApps;C:\Users\Rusheel Sharma\.dotnet\tools;C:\Users\Rusheel Sharma\AppData\Local\Programs\Microsoft VS Code\bin;C:\Program Files (x86)\dotnet\;C:\Program Files\nodejs\;C:\Users\Rusheel Sharma\AppData\Local\Microsoft\WindowsApps;C:\Users\Rusheel Sharma\.dotnet\tools;C:\Users\Rusheel Sharma\AppData\Local\Programs\Microsoft VS Code\bin;C:\Users\Rusheel Sharma\AppData\Roaming\npm
USERNAME=Rusheel Sharma
OS=Windows_NT
PROCESSOR_IDENTIFIER=AMD64 Family 23 Model 113 Stepping 0, AuthenticAMD



---------------  S Y S T E M  ---------------

OS:
 Windows 10 , 64 bit Build 19041 (10.0.19041.1566)
OS uptime: 16 days 17:55 hours

CPU: total 16 (initial active 16) (16 cores per cpu, 2 threads per core) family 23 model 113 stepping 0 microcode 0x0, cx8, cmov, fxsr, ht, mmx, 3dnowpref, sse, sse2, sse3, ssse3, sse4a, sse4.1, sse4.2, popcnt, lzcnt, tsc, tscinvbit, avx, avx2, aes, clmul, bmi1, bmi2, adx, sha, fma, vzeroupper, clflush, clflushopt

Memory: 4k page, system-wide physical 32715M (26456M free)
TotalPageFile size 58385M (AvailPageFile size 6M)
current process WorkingSet (physical memory assigned to process): 72M, peak: 74M
current process commit charge ("private bytes"): 125M, peak: 129M

vm_info: Java HotSpot(TM) 64-Bit Server VM (16.0.2+7-67) for windows-amd64 JRE (16.0.2+7-67), built on Jun  8 2021 23:24:19 by "mach5one" with MS VC++ 16.7 (VS2019)

END.
