#
# There is insufficient memory for the Java Runtime Environment to continue.
# Native memory allocation (mmap) failed to map 536870912 bytes for G1 virtual space
# Possible reasons:
#   The system is out of physical RAM or swap space
#   The process is running with CompressedOops enabled, and the Java Heap may be blocking the growth of the native heap
# Possible solutions:
#   Reduce memory load on the system
#   Increase physical memory or swap space
#   Check if swap backing store is full
#   Decrease Java heap size (-Xmx/-Xms)
#   Decrease number of Java threads
#   Decrease Java thread stack sizes (-Xss)
#   Set larger code cache with -XX:ReservedCodeCacheSize=
#   JVM is running with Zero Based Compressed Oops mode in which the Java heap is
#     placed in the first 32GB address space. The Java Heap base address is the
#     maximum limit for the native heap growth. Please use -XX:HeapBaseMinAddress
#     to set the Java Heap base and to place the Java Heap above 32GB virtual address.
# This output file may be truncated or incomplete.
#
#  Out of Memory Error (os_windows.cpp:3466), pid=16276, tid=6884
#
# JRE version:  (16.0.2+7) (build )
# Java VM: Java HotSpot(TM) 64-Bit Server VM (16.0.2+7-67, mixed mode, sharing, tiered, compressed oops, compressed class ptrs, g1 gc, windows-amd64)
# No core dump will be written. Minidumps are not enabled by default on client versions of Windows
#

---------------  S U M M A R Y ------------

Command Line: -Dfile.encoding=UTF-8 fees_management_system.HelpPage

Host: AMD Ryzen 7 3700X 8-Core Processor             , 16 cores, 31G,  Windows 10 , 64 bit Build 19041 (10.0.19041.1566)
Time: Sat Mar 26 22:46:30 2022 India Standard Time elapsed time: 0.009937 seconds (0d 0h 0m 0s)

---------------  T H R E A D  ---------------

Current thread (0x00000216a0038b40):  JavaThread "Unknown thread" [_thread_in_vm, id=6884, stack(0x000000aba5800000,0x000000aba5900000)]

Stack: [0x000000aba5800000,0x000000aba5900000]
Native frames: (J=compiled Java code, j=interpreted, Vv=VM code, C=native code)
V  [jvm.dll+0x6681ca]
V  [jvm.dll+0x7c9e69]
V  [jvm.dll+0x7cb61e]
V  [jvm.dll+0x7cbc73]
V  [jvm.dll+0x242c55]
V  [jvm.dll+0x664f89]
V  [jvm.dll+0x659b75]
V  [jvm.dll+0x2fbfbb]
V  [jvm.dll+0x3031b6]
V  [jvm.dll+0x35299e]
V  [jvm.dll+0x352bcf]
V  [jvm.dll+0x2d3028]
V  [jvm.dll+0x2d4264]
V  [jvm.dll+0x79c741]
V  [jvm.dll+0x360791]
V  [jvm.dll+0x77a3f0]
V  [jvm.dll+0x3e4e8f]
V  [jvm.dll+0x3e6961]
C  [jli.dll+0x52fb]
C  [ucrtbase.dll+0x21bb2]
C  [KERNEL32.DLL+0x17034]
C  [ntdll.dll+0x52651]


---------------  P R O C E S S  ---------------

Threads class SMR info:
_java_thread_list=0x00007ffc6d9ccbb8, length=0, elements={
}

Java Threads: ( => current thread )

Other Threads:
  0x00000216a00b0a80 GCTaskThread "GC Thread#0" [stack: 0x000000aba5900000,0x000000aba5a00000] [id=12224]
  0x00000216a00c1b50 ConcurrentGCThread "G1 Main Marker" [stack: 0x000000aba5a00000,0x000000aba5b00000] [id=12544]
  0x00000216a00c4170 ConcurrentGCThread "G1 Conc#0" [stack: 0x000000aba5b00000,0x000000aba5c00000] [id=12472]

[error occurred during error reporting (printing all threads), id 0xc0000005, EXCEPTION_ACCESS_VIOLATION (0xc0000005) at pc=0x00007ffc6d1a3ee7]

VM state: not at safepoint (not fully initialized)

VM Mutex/Monitor currently owned by a thread:  ([mutex/lock_event])
[0x00000216a0035860] Heap_lock - owner thread: 0x00000216a0038b40

Heap address: 0x0000000600c00000, size: 8180 MB, Compressed Oops mode: Zero based, Oop shift amount: 3

CDS archive(s) mapped at: [0x0000000000000000-0x0000000000000000-0x0000000000000000), size 0, SharedBaseAddress: 0x0000000800000000, ArchiveRelocationMode: 0.
Narrow klass base: 0x0000000000000000, Narrow klass shift: 0, Narrow klass range: 0x0

GC Precious Log:
<Empty>

Heap:
 garbage-first heap   total 0K, used 0K [0x0000000600c00000, 0x0000000800000000)
  region size 4096K, 0 young (0K), 0 survivors (0K)

[error occurred during error reporting (printing heap information), id 0xc0000005, EXCEPTION_ACCESS_VIOLATION (0xc0000005) at pc=0x00007ffc6d581eed]

GC Heap History (0 events):
No events

Deoptimization events (0 events):
No events

Classes unloaded (0 events):
No events

Classes redefined (0 events):
No events

Internal exceptions (0 events):
No events

Events (1 events):
Event: 0.005 Loaded shared library C:\Program Files\Java\jdk-16.0.2\bin\java.dll


Dynamic libraries:
0x00007ff7cd3f0000 - 0x00007ff7cd400000 	C:\Program Files\Java\jdk-16.0.2\bin\java.exe
0x00007ffca2fb0000 - 0x00007ffca31a5000 	C:\WINDOWS\SYSTEM32\ntdll.dll
0x00007ffca23b0000 - 0x00007ffca246e000 	C:\WINDOWS\System32\KERNEL32.DLL
0x00007ffca0b60000 - 0x00007ffca0e28000 	C:\WINDOWS\System32\KERNELBASE.dll
0x00007ffca0760000 - 0x00007ffca0860000 	C:\WINDOWS\System32\ucrtbase.dll
0x00007ffc8b4b0000 - 0x00007ffc8b4c9000 	C:\Program Files\Java\jdk-16.0.2\bin\VCRUNTIME140.dll
0x00007ffc835a0000 - 0x00007ffc835b8000 	C:\Program Files\Java\jdk-16.0.2\bin\jli.dll
0x00007ffca1430000 - 0x00007ffca14de000 	C:\WINDOWS\System32\ADVAPI32.dll
0x00007ffca1030000 - 0x00007ffca10ce000 	C:\WINDOWS\System32\msvcrt.dll
0x00007ffca2af0000 - 0x00007ffca2b8c000 	C:\WINDOWS\System32\sechost.dll
0x00007ffca2480000 - 0x00007ffca25a5000 	C:\WINDOWS\System32\RPCRT4.dll
0x00007ffca26a0000 - 0x00007ffca2840000 	C:\WINDOWS\System32\USER32.dll
0x00007ffc933d0000 - 0x00007ffc9366a000 	C:\WINDOWS\WinSxS\amd64_microsoft.windows.common-controls_6595b64144ccf1df_6.0.19041.1110_none_60b5254171f9507e\COMCTL32.dll
0x00007ffca0900000 - 0x00007ffca0922000 	C:\WINDOWS\System32\win32u.dll
0x00007ffca2d90000 - 0x00007ffca2dbb000 	C:\WINDOWS\System32\GDI32.dll
0x00007ffca0a50000 - 0x00007ffca0b5b000 	C:\WINDOWS\System32\gdi32full.dll
0x00007ffca0860000 - 0x00007ffca08fd000 	C:\WINDOWS\System32\msvcp_win.dll
0x00007ffc99d50000 - 0x00007ffc99d5a000 	C:\WINDOWS\SYSTEM32\VERSION.dll
0x00007ffca14e0000 - 0x00007ffca1510000 	C:\WINDOWS\System32\IMM32.DLL
0x00007ffc9a9c0000 - 0x00007ffc9a9cc000 	C:\Program Files\Java\jdk-16.0.2\bin\vcruntime140_1.dll
0x00007ffc78000000 - 0x00007ffc78091000 	C:\Program Files\Java\jdk-16.0.2\bin\msvcp140.dll
0x00007ffc6cec0000 - 0x00007ffc6da6b000 	C:\Program Files\Java\jdk-16.0.2\bin\server\jvm.dll
0x00007ffca2690000 - 0x00007ffca2698000 	C:\WINDOWS\System32\PSAPI.DLL
0x00007ffc90c00000 - 0x00007ffc90c27000 	C:\WINDOWS\SYSTEM32\WINMM.dll
0x00007ffc98d30000 - 0x00007ffc98d39000 	C:\WINDOWS\SYSTEM32\WSOCK32.dll
0x00007ffca2d20000 - 0x00007ffca2d8b000 	C:\WINDOWS\System32\WS2_32.dll
0x00007ffc9e600000 - 0x00007ffc9e612000 	C:\WINDOWS\SYSTEM32\kernel.appcore.dll
0x00007ffc97240000 - 0x00007ffc9724a000 	C:\Program Files\Java\jdk-16.0.2\bin\jimage.dll
0x00007ffc99780000 - 0x00007ffc99964000 	C:\WINDOWS\SYSTEM32\DBGHELP.DLL
0x00007ffc98ef0000 - 0x00007ffc98f1c000 	C:\WINDOWS\SYSTEM32\dbgcore.DLL
0x00007ffca06d0000 - 0x00007ffca0752000 	C:\WINDOWS\System32\bcryptPrimitives.dll
0x00007ffc8b480000 - 0x00007ffc8b4a5000 	C:\Program Files\Java\jdk-16.0.2\bin\java.dll

dbghelp: loaded successfully - version: 4.0.5 - missing functions: none
symbol engine: initialized successfully - sym options: 0x614 - pdb path: .;C:\Program Files\Java\jdk-16.0.2\bin;C:\WINDOWS\SYSTEM32;C:\WINDOWS\WinSxS\amd64_microsoft.windows.common-controls_6595b64144ccf1df_6.0.19041.1110_none_60b5254171f9507e;C:\Program Files\Java\jdk-16.0.2\bin\server

VM Arguments:
jvm_args: -Dfile.encoding=UTF-8 
java_command: fees_management_system.HelpPage
java_class_path (initial): C:\Users\Rusheel Sharma\Desktop\CS IA\Forms\Product\Vipul_Mangement_System\lib\absolutelayout\AbsoluteLayout.jar;C:\Users\Rusheel Sharma\Desktop\CS IA\Forms\Product\Vipul_Mangement_System\lib\jcalendar-1.4.jar;C:\Users\Rusheel Sharma\Desktop\CS IA\Forms\Product\Vipul_Mangement_System\lib\rs2xml.jar;C:\Users\Rusheel Sharma\Desktop\CS IA\Forms\Product\Vipul_Mangement_System\lib\sqlite-jdbc-3.36.0.3.jar;C:\Users\Rusheel Sharma\Desktop\CS IA\Forms\Product\Vipul_Mangement_System\build\classes
Launcher Type: SUN_STANDARD

[Global flags]
     intx CICompilerCount                          = 12                                        {product} {ergonomic}
     uint ConcGCThreads                            = 3                                         {product} {ergonomic}
     uint G1ConcRefinementThreads                  = 13                                        {product} {ergonomic}
   size_t G1HeapRegionSize                         = 4194304                                   {product} {ergonomic}
    uintx GCDrainStackTargetSize                   = 64                                        {product} {ergonomic}
   size_t InitialHeapSize                          = 536870912                                 {product} {ergonomic}
   size_t MarkStackSize                            = 4194304                                   {product} {ergonomic}
   size_t MaxHeapSize                              = 8577351680                                {product} {ergonomic}
   size_t MinHeapDeltaBytes                        = 4194304                                   {product} {ergonomic}
   size_t MinHeapSize                              = 8388608                                   {product} {ergonomic}
    uintx NonNMethodCodeHeapSize                   = 7602480                                {pd product} {ergonomic}
    uintx NonProfiledCodeHeapSize                  = 122027880                              {pd product} {ergonomic}
    uintx ProfiledCodeHeapSize                     = 122027880                              {pd product} {ergonomic}
    uintx ReservedCodeCacheSize                    = 251658240                              {pd product} {ergonomic}
     bool SegmentedCodeCache                       = true                                      {product} {ergonomic}
   size_t SoftMaxHeapSize                          = 8577351680                             {manageable} {ergonomic}
     bool UseCompressedClassPointers               = true                           {product lp64_product} {ergonomic}
     bool UseCompressedOops                        = true                           {product lp64_product} {ergonomic}
     bool UseG1GC                                  = true                                      {product} {ergonomic}
     bool UseLargePagesIndividualAllocation        = false                                  {pd product} {ergonomic}

Logging:
Log output configuration:
 #0: stdout all=warning uptime,level,tags
 #1: stderr all=off uptime,level,tags

Environment Variables:
PATH=C:\Program Files\Common Files\Oracle\Java\javapath;C:\Program Files\Eclipse Foundation\jdk-11.0.12.7-hotspot\bin;C:\Program Files (x86)\Common Files\Oracle\Java\javapath;C:\Program Files (x86)\Razer\ChromaBroadcast\bin;C:\Program Files\Razer\ChromaBroadcast\bin;C:\Program Files (x86)\Common Files\Intel\Shared Libraries\redist\intel64\compiler;C:\ProgramData\Oracle\Java\javapath;C:\Windows\system32;C:\Windows;C:\Windows\System32\Wbem;C:\Windows\System32\WindowsPowerShell\v1.0\;C:\Windows\System32\OpenSSH\;C:\Program Files\NVIDIA Corporation\NVIDIA NvDLISR;C:\Program Files (x86)\NVIDIA Corporation\PhysX\Common;C:\Windows\system32\config\systemprofile\AppData\Local\Microsoft\WindowsApps;;C:\Android;C:\WINDOWS\system32;C:\WINDOWS;C:\WINDOWS\System32\Wbem;C:\WINDOWS\System32\WindowsPowerShell\v1.0\;C:\WINDOWS\System32\OpenSSH\;C:\Program Files\dotnet\;C:\Users\Rusheel Sharma\AppData\Local\Microsoft\WindowsApps;C:\Users\Rusheel Sharma\.dotnet\tools;C:\Users\Rusheel Sharma\AppData\Local\Programs\Microsoft VS Code\bin;C:\Program Files (x86)\dotnet\;C:\Program Files\nodejs\;C:\Users\Rusheel Sharma\AppData\Local\Microsoft\WindowsApps;C:\Users\Rusheel Sharma\.dotnet\tools;C:\Users\Rusheel Sharma\AppData\Local\Programs\Microsoft VS Code\bin;C:\Users\Rusheel Sharma\AppData\Roaming\npm
USERNAME=Rusheel Sharma
OS=Windows_NT
PROCESSOR_IDENTIFIER=AMD64 Family 23 Model 113 Stepping 0, AuthenticAMD



---------------  S Y S T E M  ---------------

OS:
 Windows 10 , 64 bit Build 19041 (10.0.19041.1566)
OS uptime: 16 days 17:55 hours

CPU: total 16 (initial active 16) (16 cores per cpu, 2 threads per core) family 23 model 113 stepping 0 microcode 0x0, cx8, cmov, fxsr, ht, mmx, 3dnowpref, sse, sse2, sse3, ssse3, sse4a, sse4.1, sse4.2, popcnt, lzcnt, tsc, tscinvbit, avx, avx2, aes, clmul, bmi1, bmi2, adx, sha, fma, vzeroupper, clflush, clflushopt

Memory: 4k page, system-wide physical 32715M (26465M free)
TotalPageFile size 58385M (AvailPageFile size 14M)
current process WorkingSet (physical memory assigned to process): 10M, peak: 10M
current process commit charge ("private bytes"): 70M, peak: 582M

vm_info: Java HotSpot(TM) 64-Bit Server VM (16.0.2+7-67) for windows-amd64 JRE (16.0.2+7-67), built on Jun  8 2021 23:24:19 by "mach5one" with MS VC++ 16.7 (VS2019)

END.
